<?xml version="1.0" encoding="utf-8" standalone="no"?>
<test-run id="2" testcasecount="52" result="Passed" total="52" passed="52" failed="0" inconclusive="0" skipped="0" asserts="66" engine-version="3.10.0.0" clr-version="4.0.30319.42000" start-time="2019-07-23 11:09:28Z" end-time="2019-07-23 11:09:31Z" duration="2.915378">
  <command-line><![CDATA[nunit3-console.exe  ..\..\..\ProjectManager.Tests\bin\Debug\ProjectManager.Tests.dll]]></command-line>
  <test-suite type="Assembly" id="0-1055" name="ProjectManager.Tests.dll" fullname="ProjectManager.Tests.dll" runstate="Runnable" testcasecount="52" result="Passed" start-time="2019-07-23 11:09:30Z" end-time="2019-07-23 11:09:31Z" duration="1.319669" total="52" passed="52" failed="0" warnings="0" inconclusive="0" skipped="0" asserts="66">
    <environment framework-version="3.11.0.0" clr-version="4.0.30319.42000" os-version="Microsoft Windows NT 10.0.17134.0" platform="Win32NT" cwd="C:\Indraraj\FSE_403231\FSE_Final_403231\03_Middle_Tier_Layer\ProjectManager\packages\NUnit.ConsoleRunner.3.10.0\tools" machine-name="DOTNET" user="Admin" user-domain="DOTNET" culture="en-IN" uiculture="en-US" os-architecture="x64" />
    <settings>
      <setting name="DisposeRunners" value="True" />
      <setting name="WorkDirectory" value="C:\Indraraj\FSE_403231\FSE_Final_403231\03_Middle_Tier_Layer\ProjectManager\packages\NUnit.ConsoleRunner.3.10.0\tools" />
      <setting name="ImageRuntimeVersion" value="4.0.30319" />
      <setting name="ImageTargetFrameworkName" value=".NETFramework,Version=v4.6.1" />
      <setting name="ImageRequiresX86" value="False" />
      <setting name="ImageRequiresDefaultAppDomainAssemblyResolver" value="False" />
      <setting name="NumberOfTestWorkers" value="3" />
    </settings>
    <properties>
      <property name="_PID" value="6928" />
      <property name="_APPDOMAIN" value="domain-" />
    </properties>
    <test-suite type="TestSuite" id="0-1056" name="ProjectManager" fullname="ProjectManager" runstate="Runnable" testcasecount="52" result="Passed" start-time="2019-07-23 11:09:30Z" end-time="2019-07-23 11:09:31Z" duration="1.283454" total="52" passed="52" failed="0" warnings="0" inconclusive="0" skipped="0" asserts="66">
      <test-suite type="TestSuite" id="0-1057" name="Test" fullname="ProjectManager.Test" runstate="Runnable" testcasecount="52" result="Passed" start-time="2019-07-23 11:09:30Z" end-time="2019-07-23 11:09:31Z" duration="1.281403" total="52" passed="52" failed="0" warnings="0" inconclusive="0" skipped="0" asserts="66">
        <test-suite type="TestFixture" id="0-1000" name="ProjectControllerTest" fullname="ProjectManager.Test.ProjectControllerTest" classname="ProjectManager.Test.ProjectControllerTest" runstate="Runnable" testcasecount="17" result="Passed" start-time="2019-07-23 11:09:30Z" end-time="2019-07-23 11:09:31Z" duration="1.104841" total="17" passed="17" failed="0" warnings="0" inconclusive="0" skipped="0" asserts="19">
          <test-case id="0-1017" name="TestDeleteProject_CompletedTasksGreater" fullname="ProjectManager.Test.ProjectControllerTest.TestDeleteProject_CompletedTasksGreater" methodname="TestDeleteProject_CompletedTasksGreater" classname="ProjectManager.Test.ProjectControllerTest" runstate="Runnable" seed="691368117" result="Passed" start-time="2019-07-23 11:09:30Z" end-time="2019-07-23 11:09:31Z" duration="0.895985" asserts="1" />
          <test-case id="0-1014" name="TestDeleteProject_NegativeProjectId" fullname="ProjectManager.Test.ProjectControllerTest.TestDeleteProject_NegativeProjectId" methodname="TestDeleteProject_NegativeProjectId" classname="ProjectManager.Test.ProjectControllerTest" runstate="Runnable" seed="1373442730" result="Passed" start-time="2019-07-23 11:09:31Z" end-time="2019-07-23 11:09:31Z" duration="0.002177" asserts="1" />
          <test-case id="0-1016" name="TestDeleteProject_NegativeProjectIdInUser" fullname="ProjectManager.Test.ProjectControllerTest.TestDeleteProject_NegativeProjectIdInUser" methodname="TestDeleteProject_NegativeProjectIdInUser" classname="ProjectManager.Test.ProjectControllerTest" runstate="Runnable" seed="894212888" result="Passed" start-time="2019-07-23 11:09:31Z" end-time="2019-07-23 11:09:31Z" duration="0.001667" asserts="1" />
          <test-case id="0-1013" name="TestDeleteProject_NoProjectAsParameter" fullname="ProjectManager.Test.ProjectControllerTest.TestDeleteProject_NoProjectAsParameter" methodname="TestDeleteProject_NoProjectAsParameter" classname="ProjectManager.Test.ProjectControllerTest" runstate="Runnable" seed="1834517066" result="Passed" start-time="2019-07-23 11:09:31Z" end-time="2019-07-23 11:09:31Z" duration="0.001409" asserts="1" />
          <test-case id="0-1015" name="TestDeleteProject_UserNullInProject" fullname="ProjectManager.Test.ProjectControllerTest.TestDeleteProject_UserNullInProject" methodname="TestDeleteProject_UserNullInProject" classname="ProjectManager.Test.ProjectControllerTest" runstate="Runnable" seed="384058461" result="Passed" start-time="2019-07-23 11:09:31Z" end-time="2019-07-23 11:09:31Z" duration="0.010830" asserts="1" />
          <test-case id="0-1002" name="TestDeleteProjects_Success" fullname="ProjectManager.Test.ProjectControllerTest.TestDeleteProjects_Success" methodname="TestDeleteProjects_Success" classname="ProjectManager.Test.ProjectControllerTest" runstate="Runnable" seed="1727121068" result="Passed" start-time="2019-07-23 11:09:31Z" end-time="2019-07-23 11:09:31Z" duration="0.135837" asserts="2" />
          <test-case id="0-1007" name="TestInsertProject_CompletedTasksGreater" fullname="ProjectManager.Test.ProjectControllerTest.TestInsertProject_CompletedTasksGreater" methodname="TestInsertProject_CompletedTasksGreater" classname="ProjectManager.Test.ProjectControllerTest" runstate="Runnable" seed="727599876" result="Passed" start-time="2019-07-23 11:09:31Z" end-time="2019-07-23 11:09:31Z" duration="0.001978" asserts="1" />
          <test-case id="0-1004" name="TestInsertProject_NegativeProjectId" fullname="ProjectManager.Test.ProjectControllerTest.TestInsertProject_NegativeProjectId" methodname="TestInsertProject_NegativeProjectId" classname="ProjectManager.Test.ProjectControllerTest" runstate="Runnable" seed="297324678" result="Passed" start-time="2019-07-23 11:09:31Z" end-time="2019-07-23 11:09:31Z" duration="0.001270" asserts="1" />
          <test-case id="0-1006" name="TestInsertProject_NegativeProjectIdInUser" fullname="ProjectManager.Test.ProjectControllerTest.TestInsertProject_NegativeProjectIdInUser" methodname="TestInsertProject_NegativeProjectIdInUser" classname="ProjectManager.Test.ProjectControllerTest" runstate="Runnable" seed="1580986204" result="Passed" start-time="2019-07-23 11:09:31Z" end-time="2019-07-23 11:09:31Z" duration="0.001383" asserts="1" />
          <test-case id="0-1003" name="TestInsertProject_NoProjectAsParameter" fullname="ProjectManager.Test.ProjectControllerTest.TestInsertProject_NoProjectAsParameter" methodname="TestInsertProject_NoProjectAsParameter" classname="ProjectManager.Test.ProjectControllerTest" runstate="Runnable" seed="1112134469" result="Passed" start-time="2019-07-23 11:09:31Z" end-time="2019-07-23 11:09:31Z" duration="0.001159" asserts="1" />
          <test-case id="0-1005" name="TestInsertProject_UserNullInProject" fullname="ProjectManager.Test.ProjectControllerTest.TestInsertProject_UserNullInProject" methodname="TestInsertProject_UserNullInProject" classname="ProjectManager.Test.ProjectControllerTest" runstate="Runnable" seed="1642615639" result="Passed" start-time="2019-07-23 11:09:31Z" end-time="2019-07-23 11:09:31Z" duration="0.001419" asserts="1" />
          <test-case id="0-1012" name="TestUpdateProject_CompletedTasksGreater" fullname="ProjectManager.Test.ProjectControllerTest.TestUpdateProject_CompletedTasksGreater" methodname="TestUpdateProject_CompletedTasksGreater" classname="ProjectManager.Test.ProjectControllerTest" runstate="Runnable" seed="950982307" result="Passed" start-time="2019-07-23 11:09:31Z" end-time="2019-07-23 11:09:31Z" duration="0.003260" asserts="1" />
          <test-case id="0-1009" name="TestUpdateProject_NegativeProjectId" fullname="ProjectManager.Test.ProjectControllerTest.TestUpdateProject_NegativeProjectId" methodname="TestUpdateProject_NegativeProjectId" classname="ProjectManager.Test.ProjectControllerTest" runstate="Runnable" seed="1646972693" result="Passed" start-time="2019-07-23 11:09:31Z" end-time="2019-07-23 11:09:31Z" duration="0.001551" asserts="1" />
          <test-case id="0-1011" name="TestUpdateProject_NegativeProjectIdInUser" fullname="ProjectManager.Test.ProjectControllerTest.TestUpdateProject_NegativeProjectIdInUser" methodname="TestUpdateProject_NegativeProjectIdInUser" classname="ProjectManager.Test.ProjectControllerTest" runstate="Runnable" seed="1372647259" result="Passed" start-time="2019-07-23 11:09:31Z" end-time="2019-07-23 11:09:31Z" duration="0.001482" asserts="1" />
          <test-case id="0-1008" name="TestUpdateProject_NoProjectAsParameter" fullname="ProjectManager.Test.ProjectControllerTest.TestUpdateProject_NoProjectAsParameter" methodname="TestUpdateProject_NoProjectAsParameter" classname="ProjectManager.Test.ProjectControllerTest" runstate="Runnable" seed="1778807457" result="Passed" start-time="2019-07-23 11:09:31Z" end-time="2019-07-23 11:09:31Z" duration="0.001346" asserts="1" />
          <test-case id="0-1010" name="TestUpdateProject_UserNullInProject" fullname="ProjectManager.Test.ProjectControllerTest.TestUpdateProject_UserNullInProject" methodname="TestUpdateProject_UserNullInProject" classname="ProjectManager.Test.ProjectControllerTest" runstate="Runnable" seed="1316235301" result="Passed" start-time="2019-07-23 11:09:31Z" end-time="2019-07-23 11:09:31Z" duration="0.001745" asserts="1" />
          <test-case id="0-1001" name="TestUpdateProjects_Success" fullname="ProjectManager.Test.ProjectControllerTest.TestUpdateProjects_Success" methodname="TestUpdateProjects_Success" classname="ProjectManager.Test.ProjectControllerTest" runstate="Runnable" seed="1281020467" result="Passed" start-time="2019-07-23 11:09:31Z" end-time="2019-07-23 11:09:31Z" duration="0.019012" asserts="2" />
        </test-suite>
        <test-suite type="TestFixture" id="0-1018" name="TaskControllerTest" fullname="ProjectManager.Test.TaskControllerTest" classname="ProjectManager.Test.TaskControllerTest" runstate="Runnable" testcasecount="18" result="Passed" start-time="2019-07-23 11:09:31Z" end-time="2019-07-23 11:09:31Z" duration="0.121834" total="18" passed="18" failed="0" warnings="0" inconclusive="0" skipped="0" asserts="26">
          <test-case id="0-1022" name="TestDeleteProjects_Success" fullname="ProjectManager.Test.TaskControllerTest.TestDeleteProjects_Success" methodname="TestDeleteProjects_Success" classname="ProjectManager.Test.TaskControllerTest" runstate="Runnable" seed="1355494714" result="Passed" start-time="2019-07-23 11:09:31Z" end-time="2019-07-23 11:09:31Z" duration="0.008558" asserts="2" />
          <test-case id="0-1035" name="TestDeleteTask_NegativeProjectId" fullname="ProjectManager.Test.TaskControllerTest.TestDeleteTask_NegativeProjectId" methodname="TestDeleteTask_NegativeProjectId" classname="ProjectManager.Test.TaskControllerTest" runstate="Runnable" seed="1258865875" result="Passed" start-time="2019-07-23 11:09:31Z" end-time="2019-07-23 11:09:31Z" duration="0.001087" asserts="1" />
          <test-case id="0-1036" name="TestDeleteTask_NegativeTaskId" fullname="ProjectManager.Test.TaskControllerTest.TestDeleteTask_NegativeTaskId" methodname="TestDeleteTask_NegativeTaskId" classname="ProjectManager.Test.TaskControllerTest" runstate="Runnable" seed="342675243" result="Passed" start-time="2019-07-23 11:09:31Z" end-time="2019-07-23 11:09:31Z" duration="0.002061" asserts="1" />
          <test-case id="0-1034" name="TestDeleteTask_NegativeTaskParentId" fullname="ProjectManager.Test.TaskControllerTest.TestDeleteTask_NegativeTaskParentId" methodname="TestDeleteTask_NegativeTaskParentId" classname="ProjectManager.Test.TaskControllerTest" runstate="Runnable" seed="1400185051" result="Passed" start-time="2019-07-23 11:09:31Z" end-time="2019-07-23 11:09:31Z" duration="0.001465" asserts="1" />
          <test-case id="0-1033" name="TestDeleteTask_NullTaskObject" fullname="ProjectManager.Test.TaskControllerTest.TestDeleteTask_NullTaskObject" methodname="TestDeleteTask_NullTaskObject" classname="ProjectManager.Test.TaskControllerTest" runstate="Runnable" seed="532088547" result="Passed" start-time="2019-07-23 11:09:31Z" end-time="2019-07-23 11:09:31Z" duration="0.000754" asserts="1" />
          <test-case id="0-1027" name="TestInsertTask_NegativeProjectId" fullname="ProjectManager.Test.TaskControllerTest.TestInsertTask_NegativeProjectId" methodname="TestInsertTask_NegativeProjectId" classname="ProjectManager.Test.TaskControllerTest" runstate="Runnable" seed="806860895" result="Passed" start-time="2019-07-23 11:09:31Z" end-time="2019-07-23 11:09:31Z" duration="0.001378" asserts="1" />
          <test-case id="0-1028" name="TestInsertTask_NegativeTaskId" fullname="ProjectManager.Test.TaskControllerTest.TestInsertTask_NegativeTaskId" methodname="TestInsertTask_NegativeTaskId" classname="ProjectManager.Test.TaskControllerTest" runstate="Runnable" seed="164871704" result="Passed" start-time="2019-07-23 11:09:31Z" end-time="2019-07-23 11:09:31Z" duration="0.000739" asserts="1" />
          <test-case id="0-1026" name="TestInsertTask_NegativeTaskParentId" fullname="ProjectManager.Test.TaskControllerTest.TestInsertTask_NegativeTaskParentId" methodname="TestInsertTask_NegativeTaskParentId" classname="ProjectManager.Test.TaskControllerTest" runstate="Runnable" seed="913752692" result="Passed" start-time="2019-07-23 11:09:31Z" end-time="2019-07-23 11:09:31Z" duration="0.000821" asserts="1" />
          <test-case id="0-1025" name="TestInsertTask_NullTaskObject" fullname="ProjectManager.Test.TaskControllerTest.TestInsertTask_NullTaskObject" methodname="TestInsertTask_NullTaskObject" classname="ProjectManager.Test.TaskControllerTest" runstate="Runnable" seed="1306064684" result="Passed" start-time="2019-07-23 11:09:31Z" end-time="2019-07-23 11:09:31Z" duration="0.000817" asserts="1" />
          <test-case id="0-1020" name="TestRetrieveParentTasks_Success" fullname="ProjectManager.Test.TaskControllerTest.TestRetrieveParentTasks_Success" methodname="TestRetrieveParentTasks_Success" classname="ProjectManager.Test.TaskControllerTest" runstate="Runnable" seed="1061808556" result="Passed" start-time="2019-07-23 11:09:31Z" end-time="2019-07-23 11:09:31Z" duration="0.026230" asserts="3" />
          <test-case id="0-1024" name="TestRetrieveTaskByProjectId_NegativeTaskId" fullname="ProjectManager.Test.TaskControllerTest.TestRetrieveTaskByProjectId_NegativeTaskId" methodname="TestRetrieveTaskByProjectId_NegativeTaskId" classname="ProjectManager.Test.TaskControllerTest" runstate="Runnable" seed="103745231" result="Passed" start-time="2019-07-23 11:09:31Z" end-time="2019-07-23 11:09:31Z" duration="0.001490" asserts="1" />
          <test-case id="0-1023" name="TestRetrieveTaskByProjectId_Success" fullname="ProjectManager.Test.TaskControllerTest.TestRetrieveTaskByProjectId_Success" methodname="TestRetrieveTaskByProjectId_Success" classname="ProjectManager.Test.TaskControllerTest" runstate="Runnable" seed="484272965" result="Passed" start-time="2019-07-23 11:09:31Z" end-time="2019-07-23 11:09:31Z" duration="0.051041" asserts="4" />
          <test-case id="0-1019" name="TestRetrieveTasks_Success" fullname="ProjectManager.Test.TaskControllerTest.TestRetrieveTasks_Success" methodname="TestRetrieveTasks_Success" classname="ProjectManager.Test.TaskControllerTest" runstate="Runnable" seed="862399023" result="Passed" start-time="2019-07-23 11:09:31Z" end-time="2019-07-23 11:09:31Z" duration="0.012904" asserts="2" />
          <test-case id="0-1021" name="TestUpdateProjects_Success" fullname="ProjectManager.Test.TaskControllerTest.TestUpdateProjects_Success" methodname="TestUpdateProjects_Success" classname="ProjectManager.Test.TaskControllerTest" runstate="Runnable" seed="1639743921" result="Passed" start-time="2019-07-23 11:09:31Z" end-time="2019-07-23 11:09:31Z" duration="0.008109" asserts="2" />
          <test-case id="0-1031" name="TestUpdateTask_NegativeProjectId" fullname="ProjectManager.Test.TaskControllerTest.TestUpdateTask_NegativeProjectId" methodname="TestUpdateTask_NegativeProjectId" classname="ProjectManager.Test.TaskControllerTest" runstate="Runnable" seed="1642033114" result="Passed" start-time="2019-07-23 11:09:31Z" end-time="2019-07-23 11:09:31Z" duration="0.001118" asserts="1" />
          <test-case id="0-1032" name="TestUpdateTask_NegativeTaskId" fullname="ProjectManager.Test.TaskControllerTest.TestUpdateTask_NegativeTaskId" methodname="TestUpdateTask_NegativeTaskId" classname="ProjectManager.Test.TaskControllerTest" runstate="Runnable" seed="12408708" result="Passed" start-time="2019-07-23 11:09:31Z" end-time="2019-07-23 11:09:31Z" duration="0.000913" asserts="1" />
          <test-case id="0-1030" name="TestUpdateTask_NegativeTaskParentId" fullname="ProjectManager.Test.TaskControllerTest.TestUpdateTask_NegativeTaskParentId" methodname="TestUpdateTask_NegativeTaskParentId" classname="ProjectManager.Test.TaskControllerTest" runstate="Runnable" seed="1109197226" result="Passed" start-time="2019-07-23 11:09:31Z" end-time="2019-07-23 11:09:31Z" duration="0.000880" asserts="1" />
          <test-case id="0-1029" name="TestUpdateTask_NullTaskObject" fullname="ProjectManager.Test.TaskControllerTest.TestUpdateTask_NullTaskObject" methodname="TestUpdateTask_NullTaskObject" classname="ProjectManager.Test.TaskControllerTest" runstate="Runnable" seed="36979083" result="Passed" start-time="2019-07-23 11:09:31Z" end-time="2019-07-23 11:09:31Z" duration="0.000825" asserts="1" />
        </test-suite>
        <test-suite type="TestFixture" id="0-1037" name="UserControllerTest" fullname="ProjectManager.Test.UserControllerTest" classname="ProjectManager.Test.UserControllerTest" runstate="Runnable" testcasecount="17" result="Passed" start-time="2019-07-23 11:09:31Z" end-time="2019-07-23 11:09:31Z" duration="0.043718" total="17" passed="17" failed="0" warnings="0" inconclusive="0" skipped="0" asserts="21">
          <test-case id="0-1042" name="TestDeleteUser_InvalidEmployeeId" fullname="ProjectManager.Test.UserControllerTest.TestDeleteUser_InvalidEmployeeId" methodname="TestDeleteUser_InvalidEmployeeId" classname="ProjectManager.Test.UserControllerTest" runstate="Runnable" seed="934671285" result="Passed" start-time="2019-07-23 11:09:31Z" end-time="2019-07-23 11:09:31Z" duration="0.003010" asserts="1" />
          <test-case id="0-1044" name="TestDeleteUser_InvalidProjectIdFormat" fullname="ProjectManager.Test.UserControllerTest.TestDeleteUser_InvalidProjectIdFormat" methodname="TestDeleteUser_InvalidProjectIdFormat" classname="ProjectManager.Test.UserControllerTest" runstate="Runnable" seed="705767875" result="Passed" start-time="2019-07-23 11:09:31Z" end-time="2019-07-23 11:09:31Z" duration="0.001456" asserts="1" />
          <test-case id="0-1043" name="TestDeleteUser_NegativeEmployeeId" fullname="ProjectManager.Test.UserControllerTest.TestDeleteUser_NegativeEmployeeId" methodname="TestDeleteUser_NegativeEmployeeId" classname="ProjectManager.Test.UserControllerTest" runstate="Runnable" seed="21307663" result="Passed" start-time="2019-07-23 11:09:31Z" end-time="2019-07-23 11:09:31Z" duration="0.006155" asserts="1" />
          <test-case id="0-1045" name="TestDeleteUser_NegativeUserIdFormat" fullname="ProjectManager.Test.UserControllerTest.TestDeleteUser_NegativeUserIdFormat" methodname="TestDeleteUser_NegativeUserIdFormat" classname="ProjectManager.Test.UserControllerTest" runstate="Runnable" seed="1941259691" result="Passed" start-time="2019-07-23 11:09:31Z" end-time="2019-07-23 11:09:31Z" duration="0.001083" asserts="1" />
          <test-case id="0-1040" name="TestDeleteUser_Success" fullname="ProjectManager.Test.UserControllerTest.TestDeleteUser_Success" methodname="TestDeleteUser_Success" classname="ProjectManager.Test.UserControllerTest" runstate="Runnable" seed="886984116" result="Passed" start-time="2019-07-23 11:09:31Z" end-time="2019-07-23 11:09:31Z" duration="0.003360" asserts="2" />
          <test-case id="0-1041" name="TestDeleteUser_UserNullException" fullname="ProjectManager.Test.UserControllerTest.TestDeleteUser_UserNullException" methodname="TestDeleteUser_UserNullException" classname="ProjectManager.Test.UserControllerTest" runstate="Runnable" seed="730627530" result="Passed" start-time="2019-07-23 11:09:31Z" end-time="2019-07-23 11:09:31Z" duration="0.001274" asserts="1" />
          <test-case id="0-1038" name="TestGetUser_Success" fullname="ProjectManager.Test.UserControllerTest.TestGetUser_Success" methodname="TestGetUser_Success" classname="ProjectManager.Test.UserControllerTest" runstate="Runnable" seed="1508241877" result="Passed" start-time="2019-07-23 11:09:31Z" end-time="2019-07-23 11:09:31Z" duration="0.003421" asserts="3" />
          <test-case id="0-1052" name="TestInsertUser_InvalidEmployeeId" fullname="ProjectManager.Test.UserControllerTest.TestInsertUser_InvalidEmployeeId" methodname="TestInsertUser_InvalidEmployeeId" classname="ProjectManager.Test.UserControllerTest" runstate="Runnable" seed="1524808438" result="Passed" start-time="2019-07-23 11:09:31Z" end-time="2019-07-23 11:09:31Z" duration="0.001797" asserts="1" />
          <test-case id="0-1054" name="TestInsertUser_InvalidProjectIdFormat" fullname="ProjectManager.Test.UserControllerTest.TestInsertUser_InvalidProjectIdFormat" methodname="TestInsertUser_InvalidProjectIdFormat" classname="ProjectManager.Test.UserControllerTest" runstate="Runnable" seed="1516311608" result="Passed" start-time="2019-07-23 11:09:31Z" end-time="2019-07-23 11:09:31Z" duration="0.001478" asserts="1" />
          <test-case id="0-1053" name="TestInsertUser_NegativeEmployeeId" fullname="ProjectManager.Test.UserControllerTest.TestInsertUser_NegativeEmployeeId" methodname="TestInsertUser_NegativeEmployeeId" classname="ProjectManager.Test.UserControllerTest" runstate="Runnable" seed="1960969625" result="Passed" start-time="2019-07-23 11:09:31Z" end-time="2019-07-23 11:09:31Z" duration="0.003076" asserts="1" />
          <test-case id="0-1051" name="TestInsertUser_UserNullException" fullname="ProjectManager.Test.UserControllerTest.TestInsertUser_UserNullException" methodname="TestInsertUser_UserNullException" classname="ProjectManager.Test.UserControllerTest" runstate="Runnable" seed="742252480" result="Passed" start-time="2019-07-23 11:09:31Z" end-time="2019-07-23 11:09:31Z" duration="0.001211" asserts="1" />
          <test-case id="0-1047" name="TestUpdateUser_InvalidEmployeeId" fullname="ProjectManager.Test.UserControllerTest.TestUpdateUser_InvalidEmployeeId" methodname="TestUpdateUser_InvalidEmployeeId" classname="ProjectManager.Test.UserControllerTest" runstate="Runnable" seed="465601375" result="Passed" start-time="2019-07-23 11:09:31Z" end-time="2019-07-23 11:09:31Z" duration="0.001991" asserts="1" />
          <test-case id="0-1049" name="TestUpdateUser_InvalidProjectIdFormat" fullname="ProjectManager.Test.UserControllerTest.TestUpdateUser_InvalidProjectIdFormat" methodname="TestUpdateUser_InvalidProjectIdFormat" classname="ProjectManager.Test.UserControllerTest" runstate="Runnable" seed="739134209" result="Passed" start-time="2019-07-23 11:09:31Z" end-time="2019-07-23 11:09:31Z" duration="0.001564" asserts="1" />
          <test-case id="0-1048" name="TestUpdateUser_NegativeEmployeeId" fullname="ProjectManager.Test.UserControllerTest.TestUpdateUser_NegativeEmployeeId" methodname="TestUpdateUser_NegativeEmployeeId" classname="ProjectManager.Test.UserControllerTest" runstate="Runnable" seed="1253899386" result="Passed" start-time="2019-07-23 11:09:31Z" end-time="2019-07-23 11:09:31Z" duration="0.001389" asserts="1" />
          <test-case id="0-1050" name="TestUpdateUser_NegativeUserIdFormat" fullname="ProjectManager.Test.UserControllerTest.TestUpdateUser_NegativeUserIdFormat" methodname="TestUpdateUser_NegativeUserIdFormat" classname="ProjectManager.Test.UserControllerTest" runstate="Runnable" seed="1201132695" result="Passed" start-time="2019-07-23 11:09:31Z" end-time="2019-07-23 11:09:31Z" duration="0.001408" asserts="1" />
          <test-case id="0-1039" name="TestUpdateUser_Success" fullname="ProjectManager.Test.UserControllerTest.TestUpdateUser_Success" methodname="TestUpdateUser_Success" classname="ProjectManager.Test.UserControllerTest" runstate="Runnable" seed="1814543207" result="Passed" start-time="2019-07-23 11:09:31Z" end-time="2019-07-23 11:09:31Z" duration="0.004261" asserts="2" />
          <test-case id="0-1046" name="TestUpdateUser_UserNullException" fullname="ProjectManager.Test.UserControllerTest.TestUpdateUser_UserNullException" methodname="TestUpdateUser_UserNullException" classname="ProjectManager.Test.UserControllerTest" runstate="Runnable" seed="966271390" result="Passed" start-time="2019-07-23 11:09:31Z" end-time="2019-07-23 11:09:31Z" duration="0.001355" asserts="1" />
        </test-suite>
      </test-suite>
    </test-suite>
  </test-suite>
</test-run>