<?xml version="1.0" encoding="utf-8" standalone="no"?>
<test-run id="2" testcasecount="52" result="Passed" total="52" passed="52" failed="0" inconclusive="0" skipped="0" asserts="66" engine-version="3.10.0.0" clr-version="4.0.30319.42000" start-time="2019-07-23 07:41:15Z" end-time="2019-07-23 07:41:26Z" duration="10.808820">
  <command-line><![CDATA[nunit3-console  ..\..\..\ProjectManager.Tests\bin\Debug\ProjectManager.Tests.dll]]></command-line>
  <test-suite type="Assembly" id="0-1055" name="ProjectManager.Tests.dll" fullname="ProjectManager.Tests.dll" runstate="Runnable" testcasecount="52" result="Passed" start-time="2019-07-23 07:41:23Z" end-time="2019-07-23 07:41:26Z" duration="2.801127" total="52" passed="52" failed="0" warnings="0" inconclusive="0" skipped="0" asserts="66">
    <environment framework-version="3.11.0.0" clr-version="4.0.30319.42000" os-version="Microsoft Windows NT 10.0.17134.0" platform="Win32NT" cwd="C:\Indraraj\FSE_403231\FSE_Final_403231\03_Middle_Tier_Layer\ProjectManager\packages\NUnit.ConsoleRunner.3.10.0\tools" machine-name="DOTNET" user="Admin" user-domain="DOTNET" culture="en-IN" uiculture="en-US" os-architecture="x64" />
    <settings>
      <setting name="DisposeRunners" value="True" />
      <setting name="WorkDirectory" value="C:\Indraraj\FSE_403231\FSE_Final_403231\03_Middle_Tier_Layer\ProjectManager\packages\NUnit.ConsoleRunner.3.10.0\tools" />
      <setting name="ImageRuntimeVersion" value="4.0.30319" />
      <setting name="ImageTargetFrameworkName" value=".NETFramework,Version=v4.6.1" />
      <setting name="ImageRequiresX86" value="False" />
      <setting name="ImageRequiresDefaultAppDomainAssemblyResolver" value="False" />
      <setting name="NumberOfTestWorkers" value="3" />
    </settings>
    <properties>
      <property name="_PID" value="10532" />
      <property name="_APPDOMAIN" value="domain-" />
    </properties>
    <test-suite type="TestSuite" id="0-1056" name="ProjectManager" fullname="ProjectManager" runstate="Runnable" testcasecount="52" result="Passed" start-time="2019-07-23 07:41:23Z" end-time="2019-07-23 07:41:26Z" duration="2.704125" total="52" passed="52" failed="0" warnings="0" inconclusive="0" skipped="0" asserts="66">
      <test-suite type="TestSuite" id="0-1057" name="Test" fullname="ProjectManager.Test" runstate="Runnable" testcasecount="52" result="Passed" start-time="2019-07-23 07:41:23Z" end-time="2019-07-23 07:41:26Z" duration="2.698548" total="52" passed="52" failed="0" warnings="0" inconclusive="0" skipped="0" asserts="66">
        <test-suite type="TestFixture" id="0-1000" name="ProjectControllerTest" fullname="ProjectManager.Test.ProjectControllerTest" classname="ProjectManager.Test.ProjectControllerTest" runstate="Runnable" testcasecount="17" result="Passed" start-time="2019-07-23 07:41:23Z" end-time="2019-07-23 07:41:25Z" duration="2.123987" total="17" passed="17" failed="0" warnings="0" inconclusive="0" skipped="0" asserts="19">
          <test-case id="0-1017" name="TestDeleteProject_CompletedTasksGreater" fullname="ProjectManager.Test.ProjectControllerTest.TestDeleteProject_CompletedTasksGreater" methodname="TestDeleteProject_CompletedTasksGreater" classname="ProjectManager.Test.ProjectControllerTest" runstate="Runnable" seed="2774674" result="Passed" start-time="2019-07-23 07:41:23Z" end-time="2019-07-23 07:41:25Z" duration="1.573500" asserts="1" />
          <test-case id="0-1014" name="TestDeleteProject_NegativeProjectId" fullname="ProjectManager.Test.ProjectControllerTest.TestDeleteProject_NegativeProjectId" methodname="TestDeleteProject_NegativeProjectId" classname="ProjectManager.Test.ProjectControllerTest" runstate="Runnable" seed="136345591" result="Passed" start-time="2019-07-23 07:41:25Z" end-time="2019-07-23 07:41:25Z" duration="0.007160" asserts="1" />
          <test-case id="0-1016" name="TestDeleteProject_NegativeProjectIdInUser" fullname="ProjectManager.Test.ProjectControllerTest.TestDeleteProject_NegativeProjectIdInUser" methodname="TestDeleteProject_NegativeProjectIdInUser" classname="ProjectManager.Test.ProjectControllerTest" runstate="Runnable" seed="1897405669" result="Passed" start-time="2019-07-23 07:41:25Z" end-time="2019-07-23 07:41:25Z" duration="0.006960" asserts="1" />
          <test-case id="0-1013" name="TestDeleteProject_NoProjectAsParameter" fullname="ProjectManager.Test.ProjectControllerTest.TestDeleteProject_NoProjectAsParameter" methodname="TestDeleteProject_NoProjectAsParameter" classname="ProjectManager.Test.ProjectControllerTest" runstate="Runnable" seed="418517935" result="Passed" start-time="2019-07-23 07:41:25Z" end-time="2019-07-23 07:41:25Z" duration="0.090802" asserts="1" />
          <test-case id="0-1015" name="TestDeleteProject_UserNullInProject" fullname="ProjectManager.Test.ProjectControllerTest.TestDeleteProject_UserNullInProject" methodname="TestDeleteProject_UserNullInProject" classname="ProjectManager.Test.ProjectControllerTest" runstate="Runnable" seed="1179521091" result="Passed" start-time="2019-07-23 07:41:25Z" end-time="2019-07-23 07:41:25Z" duration="0.009218" asserts="1" />
          <test-case id="0-1002" name="TestDeleteProjects_Success" fullname="ProjectManager.Test.ProjectControllerTest.TestDeleteProjects_Success" methodname="TestDeleteProjects_Success" classname="ProjectManager.Test.ProjectControllerTest" runstate="Runnable" seed="1305151727" result="Passed" start-time="2019-07-23 07:41:25Z" end-time="2019-07-23 07:41:25Z" duration="0.244496" asserts="2" />
          <test-case id="0-1007" name="TestInsertProject_CompletedTasksGreater" fullname="ProjectManager.Test.ProjectControllerTest.TestInsertProject_CompletedTasksGreater" methodname="TestInsertProject_CompletedTasksGreater" classname="ProjectManager.Test.ProjectControllerTest" runstate="Runnable" seed="910061301" result="Passed" start-time="2019-07-23 07:41:25Z" end-time="2019-07-23 07:41:25Z" duration="0.007559" asserts="1" />
          <test-case id="0-1004" name="TestInsertProject_NegativeProjectId" fullname="ProjectManager.Test.ProjectControllerTest.TestInsertProject_NegativeProjectId" methodname="TestInsertProject_NegativeProjectId" classname="ProjectManager.Test.ProjectControllerTest" runstate="Runnable" seed="2067300335" result="Passed" start-time="2019-07-23 07:41:25Z" end-time="2019-07-23 07:41:25Z" duration="0.006310" asserts="1" />
          <test-case id="0-1006" name="TestInsertProject_NegativeProjectIdInUser" fullname="ProjectManager.Test.ProjectControllerTest.TestInsertProject_NegativeProjectIdInUser" methodname="TestInsertProject_NegativeProjectIdInUser" classname="ProjectManager.Test.ProjectControllerTest" runstate="Runnable" seed="1122818486" result="Passed" start-time="2019-07-23 07:41:25Z" end-time="2019-07-23 07:41:25Z" duration="0.005921" asserts="1" />
          <test-case id="0-1003" name="TestInsertProject_NoProjectAsParameter" fullname="ProjectManager.Test.ProjectControllerTest.TestInsertProject_NoProjectAsParameter" methodname="TestInsertProject_NoProjectAsParameter" classname="ProjectManager.Test.ProjectControllerTest" runstate="Runnable" seed="187939917" result="Passed" start-time="2019-07-23 07:41:25Z" end-time="2019-07-23 07:41:25Z" duration="0.005272" asserts="1" />
          <test-case id="0-1005" name="TestInsertProject_UserNullInProject" fullname="ProjectManager.Test.ProjectControllerTest.TestInsertProject_UserNullInProject" methodname="TestInsertProject_UserNullInProject" classname="ProjectManager.Test.ProjectControllerTest" runstate="Runnable" seed="822850397" result="Passed" start-time="2019-07-23 07:41:25Z" end-time="2019-07-23 07:41:25Z" duration="0.005708" asserts="1" />
          <test-case id="0-1012" name="TestUpdateProject_CompletedTasksGreater" fullname="ProjectManager.Test.ProjectControllerTest.TestUpdateProject_CompletedTasksGreater" methodname="TestUpdateProject_CompletedTasksGreater" classname="ProjectManager.Test.ProjectControllerTest" runstate="Runnable" seed="1829657383" result="Passed" start-time="2019-07-23 07:41:25Z" end-time="2019-07-23 07:41:25Z" duration="0.007881" asserts="1" />
          <test-case id="0-1009" name="TestUpdateProject_NegativeProjectId" fullname="ProjectManager.Test.ProjectControllerTest.TestUpdateProject_NegativeProjectId" methodname="TestUpdateProject_NegativeProjectId" classname="ProjectManager.Test.ProjectControllerTest" runstate="Runnable" seed="1121832529" result="Passed" start-time="2019-07-23 07:41:25Z" end-time="2019-07-23 07:41:25Z" duration="0.006100" asserts="1" />
          <test-case id="0-1011" name="TestUpdateProject_NegativeProjectIdInUser" fullname="ProjectManager.Test.ProjectControllerTest.TestUpdateProject_NegativeProjectIdInUser" methodname="TestUpdateProject_NegativeProjectIdInUser" classname="ProjectManager.Test.ProjectControllerTest" runstate="Runnable" seed="73995230" result="Passed" start-time="2019-07-23 07:41:25Z" end-time="2019-07-23 07:41:25Z" duration="0.006663" asserts="1" />
          <test-case id="0-1008" name="TestUpdateProject_NoProjectAsParameter" fullname="ProjectManager.Test.ProjectControllerTest.TestUpdateProject_NoProjectAsParameter" methodname="TestUpdateProject_NoProjectAsParameter" classname="ProjectManager.Test.ProjectControllerTest" runstate="Runnable" seed="618131707" result="Passed" start-time="2019-07-23 07:41:25Z" end-time="2019-07-23 07:41:25Z" duration="0.005800" asserts="1" />
          <test-case id="0-1010" name="TestUpdateProject_UserNullInProject" fullname="ProjectManager.Test.ProjectControllerTest.TestUpdateProject_UserNullInProject" methodname="TestUpdateProject_UserNullInProject" classname="ProjectManager.Test.ProjectControllerTest" runstate="Runnable" seed="794201434" result="Passed" start-time="2019-07-23 07:41:25Z" end-time="2019-07-23 07:41:25Z" duration="0.007025" asserts="1" />
          <test-case id="0-1001" name="TestUpdateProjects_Success" fullname="ProjectManager.Test.ProjectControllerTest.TestUpdateProjects_Success" methodname="TestUpdateProjects_Success" classname="ProjectManager.Test.ProjectControllerTest" runstate="Runnable" seed="622552116" result="Passed" start-time="2019-07-23 07:41:25Z" end-time="2019-07-23 07:41:25Z" duration="0.035649" asserts="2" />
        </test-suite>
        <test-suite type="TestFixture" id="0-1018" name="TaskControllerTest" fullname="ProjectManager.Test.TaskControllerTest" classname="ProjectManager.Test.TaskControllerTest" runstate="Runnable" testcasecount="18" result="Passed" start-time="2019-07-23 07:41:25Z" end-time="2019-07-23 07:41:26Z" duration="0.348218" total="18" passed="18" failed="0" warnings="0" inconclusive="0" skipped="0" asserts="26">
          <test-case id="0-1022" name="TestDeleteProjects_Success" fullname="ProjectManager.Test.TaskControllerTest.TestDeleteProjects_Success" methodname="TestDeleteProjects_Success" classname="ProjectManager.Test.TaskControllerTest" runstate="Runnable" seed="953334029" result="Passed" start-time="2019-07-23 07:41:25Z" end-time="2019-07-23 07:41:25Z" duration="0.036540" asserts="2" />
          <test-case id="0-1035" name="TestDeleteTask_NegativeProjectId" fullname="ProjectManager.Test.TaskControllerTest.TestDeleteTask_NegativeProjectId" methodname="TestDeleteTask_NegativeProjectId" classname="ProjectManager.Test.TaskControllerTest" runstate="Runnable" seed="1558022315" result="Passed" start-time="2019-07-23 07:41:25Z" end-time="2019-07-23 07:41:25Z" duration="0.006589" asserts="1" />
          <test-case id="0-1036" name="TestDeleteTask_NegativeTaskId" fullname="ProjectManager.Test.TaskControllerTest.TestDeleteTask_NegativeTaskId" methodname="TestDeleteTask_NegativeTaskId" classname="ProjectManager.Test.TaskControllerTest" runstate="Runnable" seed="1889395767" result="Passed" start-time="2019-07-23 07:41:25Z" end-time="2019-07-23 07:41:25Z" duration="0.006869" asserts="1" />
          <test-case id="0-1034" name="TestDeleteTask_NegativeTaskParentId" fullname="ProjectManager.Test.TaskControllerTest.TestDeleteTask_NegativeTaskParentId" methodname="TestDeleteTask_NegativeTaskParentId" classname="ProjectManager.Test.TaskControllerTest" runstate="Runnable" seed="872370345" result="Passed" start-time="2019-07-23 07:41:25Z" end-time="2019-07-23 07:41:25Z" duration="0.006621" asserts="1" />
          <test-case id="0-1033" name="TestDeleteTask_NullTaskObject" fullname="ProjectManager.Test.TaskControllerTest.TestDeleteTask_NullTaskObject" methodname="TestDeleteTask_NullTaskObject" classname="ProjectManager.Test.TaskControllerTest" runstate="Runnable" seed="958610791" result="Passed" start-time="2019-07-23 07:41:25Z" end-time="2019-07-23 07:41:25Z" duration="0.005939" asserts="1" />
          <test-case id="0-1027" name="TestInsertTask_NegativeProjectId" fullname="ProjectManager.Test.TaskControllerTest.TestInsertTask_NegativeProjectId" methodname="TestInsertTask_NegativeProjectId" classname="ProjectManager.Test.TaskControllerTest" runstate="Runnable" seed="998206162" result="Passed" start-time="2019-07-23 07:41:25Z" end-time="2019-07-23 07:41:25Z" duration="0.007981" asserts="1" />
          <test-case id="0-1028" name="TestInsertTask_NegativeTaskId" fullname="ProjectManager.Test.TaskControllerTest.TestInsertTask_NegativeTaskId" methodname="TestInsertTask_NegativeTaskId" classname="ProjectManager.Test.TaskControllerTest" runstate="Runnable" seed="784022406" result="Passed" start-time="2019-07-23 07:41:25Z" end-time="2019-07-23 07:41:25Z" duration="0.006312" asserts="1" />
          <test-case id="0-1026" name="TestInsertTask_NegativeTaskParentId" fullname="ProjectManager.Test.TaskControllerTest.TestInsertTask_NegativeTaskParentId" methodname="TestInsertTask_NegativeTaskParentId" classname="ProjectManager.Test.TaskControllerTest" runstate="Runnable" seed="185827609" result="Passed" start-time="2019-07-23 07:41:25Z" end-time="2019-07-23 07:41:25Z" duration="0.006605" asserts="1" />
          <test-case id="0-1025" name="TestInsertTask_NullTaskObject" fullname="ProjectManager.Test.TaskControllerTest.TestInsertTask_NullTaskObject" methodname="TestInsertTask_NullTaskObject" classname="ProjectManager.Test.TaskControllerTest" runstate="Runnable" seed="116412450" result="Passed" start-time="2019-07-23 07:41:25Z" end-time="2019-07-23 07:41:25Z" duration="0.005566" asserts="1" />
          <test-case id="0-1020" name="TestRetrieveParentTasks_Success" fullname="ProjectManager.Test.TaskControllerTest.TestRetrieveParentTasks_Success" methodname="TestRetrieveParentTasks_Success" classname="ProjectManager.Test.TaskControllerTest" runstate="Runnable" seed="1564015955" result="Passed" start-time="2019-07-23 07:41:25Z" end-time="2019-07-23 07:41:26Z" duration="0.055040" asserts="3" />
          <test-case id="0-1024" name="TestRetrieveTaskByProjectId_NegativeTaskId" fullname="ProjectManager.Test.TaskControllerTest.TestRetrieveTaskByProjectId_NegativeTaskId" methodname="TestRetrieveTaskByProjectId_NegativeTaskId" classname="ProjectManager.Test.TaskControllerTest" runstate="Runnable" seed="552788560" result="Passed" start-time="2019-07-23 07:41:26Z" end-time="2019-07-23 07:41:26Z" duration="0.006437" asserts="1" />
          <test-case id="0-1023" name="TestRetrieveTaskByProjectId_Success" fullname="ProjectManager.Test.TaskControllerTest.TestRetrieveTaskByProjectId_Success" methodname="TestRetrieveTaskByProjectId_Success" classname="ProjectManager.Test.TaskControllerTest" runstate="Runnable" seed="1405417004" result="Passed" start-time="2019-07-23 07:41:26Z" end-time="2019-07-23 07:41:26Z" duration="0.096152" asserts="4" />
          <test-case id="0-1019" name="TestRetrieveTasks_Success" fullname="ProjectManager.Test.TaskControllerTest.TestRetrieveTasks_Success" methodname="TestRetrieveTasks_Success" classname="ProjectManager.Test.TaskControllerTest" runstate="Runnable" seed="1583536048" result="Passed" start-time="2019-07-23 07:41:26Z" end-time="2019-07-23 07:41:26Z" duration="0.022470" asserts="2" />
          <test-case id="0-1021" name="TestUpdateProjects_Success" fullname="ProjectManager.Test.TaskControllerTest.TestUpdateProjects_Success" methodname="TestUpdateProjects_Success" classname="ProjectManager.Test.TaskControllerTest" runstate="Runnable" seed="1742914744" result="Passed" start-time="2019-07-23 07:41:26Z" end-time="2019-07-23 07:41:26Z" duration="0.024819" asserts="2" />
          <test-case id="0-1031" name="TestUpdateTask_NegativeProjectId" fullname="ProjectManager.Test.TaskControllerTest.TestUpdateTask_NegativeProjectId" methodname="TestUpdateTask_NegativeProjectId" classname="ProjectManager.Test.TaskControllerTest" runstate="Runnable" seed="2046413347" result="Passed" start-time="2019-07-23 07:41:26Z" end-time="2019-07-23 07:41:26Z" duration="0.006269" asserts="1" />
          <test-case id="0-1032" name="TestUpdateTask_NegativeTaskId" fullname="ProjectManager.Test.TaskControllerTest.TestUpdateTask_NegativeTaskId" methodname="TestUpdateTask_NegativeTaskId" classname="ProjectManager.Test.TaskControllerTest" runstate="Runnable" seed="370256649" result="Passed" start-time="2019-07-23 07:41:26Z" end-time="2019-07-23 07:41:26Z" duration="0.005745" asserts="1" />
          <test-case id="0-1030" name="TestUpdateTask_NegativeTaskParentId" fullname="ProjectManager.Test.TaskControllerTest.TestUpdateTask_NegativeTaskParentId" methodname="TestUpdateTask_NegativeTaskParentId" classname="ProjectManager.Test.TaskControllerTest" runstate="Runnable" seed="1688072187" result="Passed" start-time="2019-07-23 07:41:26Z" end-time="2019-07-23 07:41:26Z" duration="0.005336" asserts="1" />
          <test-case id="0-1029" name="TestUpdateTask_NullTaskObject" fullname="ProjectManager.Test.TaskControllerTest.TestUpdateTask_NullTaskObject" methodname="TestUpdateTask_NullTaskObject" classname="ProjectManager.Test.TaskControllerTest" runstate="Runnable" seed="203538659" result="Passed" start-time="2019-07-23 07:41:26Z" end-time="2019-07-23 07:41:26Z" duration="0.005817" asserts="1" />
        </test-suite>
        <test-suite type="TestFixture" id="0-1037" name="UserControllerTest" fullname="ProjectManager.Test.UserControllerTest" classname="ProjectManager.Test.UserControllerTest" runstate="Runnable" testcasecount="17" result="Passed" start-time="2019-07-23 07:41:26Z" end-time="2019-07-23 07:41:26Z" duration="0.187195" total="17" passed="17" failed="0" warnings="0" inconclusive="0" skipped="0" asserts="21">
          <test-case id="0-1042" name="TestDeleteUser_InvalidEmployeeId" fullname="ProjectManager.Test.UserControllerTest.TestDeleteUser_InvalidEmployeeId" methodname="TestDeleteUser_InvalidEmployeeId" classname="ProjectManager.Test.UserControllerTest" runstate="Runnable" seed="1276940363" result="Passed" start-time="2019-07-23 07:41:26Z" end-time="2019-07-23 07:41:26Z" duration="0.012591" asserts="1" />
          <test-case id="0-1044" name="TestDeleteUser_InvalidProjectIdFormat" fullname="ProjectManager.Test.UserControllerTest.TestDeleteUser_InvalidProjectIdFormat" methodname="TestDeleteUser_InvalidProjectIdFormat" classname="ProjectManager.Test.UserControllerTest" runstate="Runnable" seed="1305751347" result="Passed" start-time="2019-07-23 07:41:26Z" end-time="2019-07-23 07:41:26Z" duration="0.007362" asserts="1" />
          <test-case id="0-1043" name="TestDeleteUser_NegativeEmployeeId" fullname="ProjectManager.Test.UserControllerTest.TestDeleteUser_NegativeEmployeeId" methodname="TestDeleteUser_NegativeEmployeeId" classname="ProjectManager.Test.UserControllerTest" runstate="Runnable" seed="65970759" result="Passed" start-time="2019-07-23 07:41:26Z" end-time="2019-07-23 07:41:26Z" duration="0.006686" asserts="1" />
          <test-case id="0-1045" name="TestDeleteUser_NegativeUserIdFormat" fullname="ProjectManager.Test.UserControllerTest.TestDeleteUser_NegativeUserIdFormat" methodname="TestDeleteUser_NegativeUserIdFormat" classname="ProjectManager.Test.UserControllerTest" runstate="Runnable" seed="786812364" result="Passed" start-time="2019-07-23 07:41:26Z" end-time="2019-07-23 07:41:26Z" duration="0.006495" asserts="1" />
          <test-case id="0-1040" name="TestDeleteUser_Success" fullname="ProjectManager.Test.UserControllerTest.TestDeleteUser_Success" methodname="TestDeleteUser_Success" classname="ProjectManager.Test.UserControllerTest" runstate="Runnable" seed="371004237" result="Passed" start-time="2019-07-23 07:41:26Z" end-time="2019-07-23 07:41:26Z" duration="0.011153" asserts="2" />
          <test-case id="0-1041" name="TestDeleteUser_UserNullException" fullname="ProjectManager.Test.UserControllerTest.TestDeleteUser_UserNullException" methodname="TestDeleteUser_UserNullException" classname="ProjectManager.Test.UserControllerTest" runstate="Runnable" seed="161907269" result="Passed" start-time="2019-07-23 07:41:26Z" end-time="2019-07-23 07:41:26Z" duration="0.007235" asserts="1" />
          <test-case id="0-1038" name="TestGetUser_Success" fullname="ProjectManager.Test.UserControllerTest.TestGetUser_Success" methodname="TestGetUser_Success" classname="ProjectManager.Test.UserControllerTest" runstate="Runnable" seed="809820338" result="Passed" start-time="2019-07-23 07:41:26Z" end-time="2019-07-23 07:41:26Z" duration="0.015415" asserts="3" />
          <test-case id="0-1052" name="TestInsertUser_InvalidEmployeeId" fullname="ProjectManager.Test.UserControllerTest.TestInsertUser_InvalidEmployeeId" methodname="TestInsertUser_InvalidEmployeeId" classname="ProjectManager.Test.UserControllerTest" runstate="Runnable" seed="678708012" result="Passed" start-time="2019-07-23 07:41:26Z" end-time="2019-07-23 07:41:26Z" duration="0.012379" asserts="1" />
          <test-case id="0-1054" name="TestInsertUser_InvalidProjectIdFormat" fullname="ProjectManager.Test.UserControllerTest.TestInsertUser_InvalidProjectIdFormat" methodname="TestInsertUser_InvalidProjectIdFormat" classname="ProjectManager.Test.UserControllerTest" runstate="Runnable" seed="425829550" result="Passed" start-time="2019-07-23 07:41:26Z" end-time="2019-07-23 07:41:26Z" duration="0.006886" asserts="1" />
          <test-case id="0-1053" name="TestInsertUser_NegativeEmployeeId" fullname="ProjectManager.Test.UserControllerTest.TestInsertUser_NegativeEmployeeId" methodname="TestInsertUser_NegativeEmployeeId" classname="ProjectManager.Test.UserControllerTest" runstate="Runnable" seed="405825062" result="Passed" start-time="2019-07-23 07:41:26Z" end-time="2019-07-23 07:41:26Z" duration="0.007878" asserts="1" />
          <test-case id="0-1051" name="TestInsertUser_UserNullException" fullname="ProjectManager.Test.UserControllerTest.TestInsertUser_UserNullException" methodname="TestInsertUser_UserNullException" classname="ProjectManager.Test.UserControllerTest" runstate="Runnable" seed="773314343" result="Passed" start-time="2019-07-23 07:41:26Z" end-time="2019-07-23 07:41:26Z" duration="0.008467" asserts="1" />
          <test-case id="0-1047" name="TestUpdateUser_InvalidEmployeeId" fullname="ProjectManager.Test.UserControllerTest.TestUpdateUser_InvalidEmployeeId" methodname="TestUpdateUser_InvalidEmployeeId" classname="ProjectManager.Test.UserControllerTest" runstate="Runnable" seed="785595637" result="Passed" start-time="2019-07-23 07:41:26Z" end-time="2019-07-23 07:41:26Z" duration="0.010843" asserts="1" />
          <test-case id="0-1049" name="TestUpdateUser_InvalidProjectIdFormat" fullname="ProjectManager.Test.UserControllerTest.TestUpdateUser_InvalidProjectIdFormat" methodname="TestUpdateUser_InvalidProjectIdFormat" classname="ProjectManager.Test.UserControllerTest" runstate="Runnable" seed="889015234" result="Passed" start-time="2019-07-23 07:41:26Z" end-time="2019-07-23 07:41:26Z" duration="0.006827" asserts="1" />
          <test-case id="0-1048" name="TestUpdateUser_NegativeEmployeeId" fullname="ProjectManager.Test.UserControllerTest.TestUpdateUser_NegativeEmployeeId" methodname="TestUpdateUser_NegativeEmployeeId" classname="ProjectManager.Test.UserControllerTest" runstate="Runnable" seed="2021222085" result="Passed" start-time="2019-07-23 07:41:26Z" end-time="2019-07-23 07:41:26Z" duration="0.008225" asserts="1" />
          <test-case id="0-1050" name="TestUpdateUser_NegativeUserIdFormat" fullname="ProjectManager.Test.UserControllerTest.TestUpdateUser_NegativeUserIdFormat" methodname="TestUpdateUser_NegativeUserIdFormat" classname="ProjectManager.Test.UserControllerTest" runstate="Runnable" seed="1684417450" result="Passed" start-time="2019-07-23 07:41:26Z" end-time="2019-07-23 07:41:26Z" duration="0.006884" asserts="1" />
          <test-case id="0-1039" name="TestUpdateUser_Success" fullname="ProjectManager.Test.UserControllerTest.TestUpdateUser_Success" methodname="TestUpdateUser_Success" classname="ProjectManager.Test.UserControllerTest" runstate="Runnable" seed="2125405339" result="Passed" start-time="2019-07-23 07:41:26Z" end-time="2019-07-23 07:41:26Z" duration="0.014591" asserts="2" />
          <test-case id="0-1046" name="TestUpdateUser_UserNullException" fullname="ProjectManager.Test.UserControllerTest.TestUpdateUser_UserNullException" methodname="TestUpdateUser_UserNullException" classname="ProjectManager.Test.UserControllerTest" runstate="Runnable" seed="1685431363" result="Passed" start-time="2019-07-23 07:41:26Z" end-time="2019-07-23 07:41:26Z" duration="0.009671" asserts="1" />
        </test-suite>
      </test-suite>
    </test-suite>
  </test-suite>
</test-run>